<?xml version="1.0" encoding="UTF-8"?>
<testng-results skipped="0" failed="1" ignored="0" total="2" passed="1">
  <reporter-output>
  </reporter-output>
  <suite name="Default suite" duration-ms="195774" started-at="2017-07-09T10:58:19Z" finished-at="2017-07-09T11:01:35Z">
    <groups>
    </groups>
    <test name="Default test" duration-ms="195774" started-at="2017-07-09T10:58:19Z" finished-at="2017-07-09T11:01:35Z">
      <class name="com.xap.login.Loginxap">
        <test-method status="PASS" signature="base()[pri:0, instance:com.xap.login.Loginxap@d2cc05a]" name="base" is-config="true" duration-ms="42258" started-at="2017-07-09T16:28:21Z" finished-at="2017-07-09T16:29:03Z">
          <reporter-output>
          </reporter-output>
        </test-method> <!-- base -->
        <test-method status="FAIL" signature="testmethod(java.lang.String, java.lang.String)[pri:0, instance:com.xap.login.Loginxap@d2cc05a]" name="testmethod" duration-ms="1897" started-at="2017-07-09T16:29:03Z" data-provider="TestDataProvider" finished-at="2017-07-09T16:29:05Z">
          <params>
            <param index="0">
              <value>
                <![CDATA[Test1]]>
              </value>
            </param>
            <param index="1">
              <value>
                <![CDATA[A196311]]>
              </value>
            </param>
          </params>
          <exception class="java.lang.AssertionError">
            <message>
              <![CDATA[expected [false] but found [true]]]>
            </message>
            <full-stacktrace>
              <![CDATA[java.lang.AssertionError: expected [false] but found [true]
	at org.testng.Assert.fail(Assert.java:93)
	at org.testng.Assert.failNotEquals(Assert.java:512)
	at org.testng.Assert.assertFalse(Assert.java:62)
	at org.testng.Assert.assertFalse(Assert.java:72)
	at com.xap.login.Loginxap.testmethod(Loginxap.java:42)
	at sun.reflect.NativeMethodAccessorImpl.invoke0(Native Method)
	at sun.reflect.NativeMethodAccessorImpl.invoke(Unknown Source)
	at sun.reflect.DelegatingMethodAccessorImpl.invoke(Unknown Source)
	at java.lang.reflect.Method.invoke(Unknown Source)
	at org.testng.internal.MethodInvocationHelper.invokeMethod(MethodInvocationHelper.java:108)
	at org.testng.internal.Invoker.invokeMethod(Invoker.java:661)
	at org.testng.internal.Invoker.invokeTestMethod(Invoker.java:869)
	at org.testng.internal.Invoker.invokeTestMethods(Invoker.java:1193)
	at org.testng.internal.TestMethodWorker.invokeTestMethods(TestMethodWorker.java:126)
	at org.testng.internal.TestMethodWorker.run(TestMethodWorker.java:109)
	at org.testng.TestRunner.privateRun(TestRunner.java:744)
	at org.testng.TestRunner.run(TestRunner.java:602)
	at org.testng.SuiteRunner.runTest(SuiteRunner.java:380)
	at org.testng.SuiteRunner.runSequentially(SuiteRunner.java:375)
	at org.testng.SuiteRunner.privateRun(SuiteRunner.java:340)
	at org.testng.SuiteRunner.run(SuiteRunner.java:289)
	at org.testng.SuiteRunnerWorker.runSuite(SuiteRunnerWorker.java:52)
	at org.testng.SuiteRunnerWorker.run(SuiteRunnerWorker.java:86)
	at org.testng.TestNG.runSuitesSequentially(TestNG.java:1301)
	at org.testng.TestNG.runSuitesLocally(TestNG.java:1226)
	at org.testng.TestNG.runSuites(TestNG.java:1144)
	at org.testng.TestNG.run(TestNG.java:1115)
	at org.testng.remote.AbstractRemoteTestNG.run(AbstractRemoteTestNG.java:132)
	at org.testng.remote.RemoteTestNG.initAndRun(RemoteTestNG.java:230)
	at org.testng.remote.RemoteTestNG.main(RemoteTestNG.java:76)
]]>
            </full-stacktrace>
          </exception> <!-- java.lang.AssertionError -->
          <reporter-output>
          </reporter-output>
        </test-method> <!-- testmethod -->
        <test-method status="PASS" signature="after(org.testng.ITestResult)[pri:0, instance:com.xap.login.Loginxap@d2cc05a]" name="after" is-config="true" duration-ms="5609" started-at="2017-07-09T16:29:05Z" finished-at="2017-07-09T16:29:11Z">
          <params>
            <param index="0">
              <value>
                <![CDATA[[TestResult name=testmethod status=FAILURE method=Loginxap.testmethod(java.lang.String, java.lang.String)[pri:0, instance:com.xap.login.Loginxap@d2cc05a] output={null}]]]>
              </value>
            </param>
          </params>
          <reporter-output>
          </reporter-output>
        </test-method> <!-- after -->
        <test-method status="PASS" signature="base()[pri:0, instance:com.xap.login.Loginxap@d2cc05a]" name="base" is-config="true" duration-ms="14399" started-at="2017-07-09T16:29:11Z" finished-at="2017-07-09T16:29:25Z">
          <reporter-output>
          </reporter-output>
        </test-method> <!-- base -->
        <test-method status="PASS" signature="testmethod(java.lang.String, java.lang.String)[pri:0, instance:com.xap.login.Loginxap@d2cc05a]" name="testmethod" duration-ms="43930" started-at="2017-07-09T16:29:25Z" data-provider="TestDataProvider" finished-at="2017-07-09T16:30:09Z">
          <params>
            <param index="0">
              <value>
                <![CDATA[aali2]]>
              </value>
            </param>
            <param index="1">
              <value>
                <![CDATA[Blue@123]]>
              </value>
            </param>
          </params>
          <reporter-output>
          </reporter-output>
        </test-method> <!-- testmethod -->
        <test-method status="PASS" signature="after(org.testng.ITestResult)[pri:0, instance:com.xap.login.Loginxap@d2cc05a]" name="after" is-config="true" duration-ms="86329" started-at="2017-07-09T16:30:09Z" finished-at="2017-07-09T16:31:35Z">
          <params>
            <param index="0">
              <value>
                <![CDATA[[TestResult name=testmethod status=SUCCESS method=Loginxap.testmethod(java.lang.String, java.lang.String)[pri:0, instance:com.xap.login.Loginxap@d2cc05a] output={null}]]]>
              </value>
            </param>
          </params>
          <reporter-output>
          </reporter-output>
        </test-method> <!-- after -->
      </class> <!-- com.xap.login.Loginxap -->
    </test> <!-- Default test -->
  </suite> <!-- Default suite -->
</testng-results>
